0 info it worked if it ends with ok
1 verbose cli [ '/usr/local/bin/node', '/usr/local/bin/npm', 'run', 'test' ]
2 info using npm@4.0.5
3 info using node@v7.4.0
4 verbose run-script [ 'pretest', 'test', 'posttest' ]
5 info lifecycle ioredis@1.15.1~pretest: ioredis@1.15.1
6 silly lifecycle ioredis@1.15.1~pretest: no script for pretest, continuing
7 info lifecycle ioredis@1.15.1~test: ioredis@1.15.1
8 verbose lifecycle ioredis@1.15.1~test: unsafe-perm in lifecycle true
9 verbose lifecycle ioredis@1.15.1~test: PATH: /usr/local/lib/node_modules/npm/bin/node-gyp-bin:/Users/michaelxu/Downloads/ioredis/node_modules/.bin:/Users/michaelxu/.rvm/gems/ruby-2.3.1/bin:/Users/michaelxu/.rvm/gems/ruby-2.3.1@global/bin:/Users/michaelxu/.rvm/rubies/ruby-2.3.1/bin:/usr/local/bin:/bin:/usr/bin:/usr/local/bin:/Users/michaelxu/Library/Android/sdk/platform-tools:/Users/michaelxu/Library/Android/sdk/tools:/usr/local/bin:/usr/bin:/bin:/usr/sbin:/sbin:/Users/michaelxu/.rvm/bin:/Users/michaelxu/.rvm/bin:/usr/local/go/bin
10 verbose lifecycle ioredis@1.15.1~test: CWD: /Users/michaelxu/Downloads/ioredis
11 silly lifecycle ioredis@1.15.1~test: Args: [ '-c', 'NODE_ENV=test DEBUG=ioredis:* mocha' ]
12 silly lifecycle ioredis@1.15.1~test: Returned: code: 1  signal: null
13 info lifecycle ioredis@1.15.1~test: Failed to exec test script
14 verbose stack Error: ioredis@1.15.1 test: `NODE_ENV=test DEBUG=ioredis:* mocha`
14 verbose stack Exit status 1
14 verbose stack     at EventEmitter.<anonymous> (/usr/local/lib/node_modules/npm/lib/utils/lifecycle.js:279:16)
14 verbose stack     at emitTwo (events.js:106:13)
14 verbose stack     at EventEmitter.emit (events.js:191:7)
14 verbose stack     at ChildProcess.<anonymous> (/usr/local/lib/node_modules/npm/lib/utils/spawn.js:40:14)
14 verbose stack     at emitTwo (events.js:106:13)
14 verbose stack     at ChildProcess.emit (events.js:191:7)
14 verbose stack     at maybeClose (internal/child_process.js:885:16)
14 verbose stack     at Process.ChildProcess._handle.onexit (internal/child_process.js:226:5)
15 verbose pkgid ioredis@1.15.1
16 verbose cwd /Users/michaelxu/Downloads/ioredis
17 error Darwin 16.4.0
18 error argv "/usr/local/bin/node" "/usr/local/bin/npm" "run" "test"
19 error node v7.4.0
20 error npm  v4.0.5
21 error code ELIFECYCLE
22 error ioredis@1.15.1 test: `NODE_ENV=test DEBUG=ioredis:* mocha`
22 error Exit status 1
23 error Failed at the ioredis@1.15.1 test script 'NODE_ENV=test DEBUG=ioredis:* mocha'.
23 error Make sure you have the latest version of node.js and npm installed.
23 error If you do, this is most likely a problem with the ioredis package,
23 error not with npm itself.
23 error Tell the author that this fails on your system:
23 error     NODE_ENV=test DEBUG=ioredis:* mocha
23 error You can get information on how to open an issue for this project with:
23 error     npm bugs ioredis
23 error Or if that isn't available, you can get their info via:
23 error     npm owner ls ioredis
23 error There is likely additional logging output above.
24 verbose exit [ 1, true ]
